{
  "stats": {
    "suites": 1,
    "tests": 1,
    "passes": 1,
    "pending": 0,
    "failures": 0,
    "start": "2024-11-14T09:17:22.856Z",
    "end": "2024-11-14T09:17:33.266Z",
    "duration": 10410,
    "testsRegistered": 1,
    "passPercent": 100,
    "pendingPercent": 0,
    "other": 0,
    "hasOther": false,
    "skipped": 0,
    "hasSkipped": false
  },
  "results": [
    {
      "uuid": "a9cda420-3501-43f7-856a-d58dcf6d070f",
      "title": "",
      "fullFile": "cypress\\e2e\\mouse.cy.js",
      "file": "cypress\\e2e\\mouse.cy.js",
      "beforeHooks": [],
      "afterHooks": [],
      "tests": [],
      "suites": [
        {
          "uuid": "848ae938-7fce-4fe1-bea8-5ad3c5bfe5bf",
          "title": "Right Click",
          "fullFile": "",
          "file": "",
          "beforeHooks": [],
          "afterHooks": [],
          "tests": [
            {
              "title": "Right Click",
              "fullTitle": "Right Click Right Click",
              "timedOut": null,
              "duration": 4706,
              "state": "passed",
              "speed": "fast",
              "pass": true,
              "fail": false,
              "pending": false,
              "context": null,
              "code": "cy.visit(\"https://swisnl.github.io/jQuery-contextMenu/demo.html\");\ncy.get(\".context-menu-one.btn.btn-neutral\").rightclick();\n//cy.get(\".context-menu-icon-copy > span\").should('be.visible');\ncy.get('.context-menu-icon-copy').click();",
              "err": {},
              "uuid": "a6f816d6-fa5f-4498-b83e-0ed64d27a7bd",
              "parentUUID": "848ae938-7fce-4fe1-bea8-5ad3c5bfe5bf",
              "isHook": false,
              "skipped": false
            }
          ],
          "suites": [],
          "passes": [
            "a6f816d6-fa5f-4498-b83e-0ed64d27a7bd"
          ],
          "failures": [],
          "pending": [],
          "skipped": [],
          "duration": 4706,
          "root": false,
          "rootEmpty": false,
          "_timeout": 2000
        }
      ],
      "passes": [],
      "failures": [],
      "pending": [],
      "skipped": [],
      "duration": 0,
      "root": true,
      "rootEmpty": true,
      "_timeout": 2000
    }
  ],
  "meta": {
    "mocha": {
      "version": "7.0.1"
    },
    "mochawesome": {
      "options": {
        "quiet": false,
        "reportFilename": "mochawesome",
        "saveHtml": false,
        "saveJson": true,
        "consoleReporter": "spec",
        "useInlineDiffs": false,
        "code": true
      },
      "version": "7.1.3"
    },
    "marge": {
      "options": {
        "overwrite": false,
        "html": false,
        "json": true,
        "reportDir": "cypress\\reports\\html\\.jsons"
      },
      "version": "6.2.0"
    }
  }
}