{
  "stats": {
    "suites": 1,
    "tests": 1,
    "passes": 0,
    "pending": 0,
    "failures": 1,
    "start": "2024-11-14T09:16:46.700Z",
    "end": "2024-11-14T09:17:03.528Z",
    "duration": 16828,
    "testsRegistered": 1,
    "passPercent": 0,
    "pendingPercent": 0,
    "other": 0,
    "hasOther": false,
    "skipped": 0,
    "hasSkipped": false
  },
  "results": [
    {
      "uuid": "f7ec76f6-a441-4259-9e8d-23faf6a564ac",
      "title": "",
      "fullFile": "cypress\\e2e\\fixtures.cy.js",
      "file": "cypress\\e2e\\fixtures.cy.js",
      "beforeHooks": [],
      "afterHooks": [],
      "tests": [],
      "suites": [
        {
          "uuid": "8f866565-c43f-40fd-9680-78972a956c4d",
          "title": "template spec",
          "fullFile": "",
          "file": "",
          "beforeHooks": [],
          "afterHooks": [],
          "tests": [
            {
              "title": "Data Driven Testing",
              "fullTitle": "template spec Data Driven Testing",
              "timedOut": null,
              "duration": 13948,
              "state": "failed",
              "speed": null,
              "pass": false,
              "fail": true,
              "pending": false,
              "context": null,
              "code": "cy.visit('https://opensource-demo.orangehrmlive.com/web/index.php/auth/login');\ncy.fixture('orangehrm').then(data => {\n  cy.get(\"input[placeholder='Username']\").type(data.username);\n  cy.get(\"input[placeholder='Password']\").type(data.password);\n  cy.get(\"button[type='submit']\").click();\n  cy.get('.oxd-main-menu-item').should('have.text', data.expected);\n});",
              "err": {
                "message": "AssertionError: Timed out retrying after 10000ms: Expected to find element: `input[placeholder='Username']`, but never found it.",
                "estack": "AssertionError: Timed out retrying after 10000ms: Expected to find element: `input[placeholder='Username']`, but never found it.\n    at Context.eval (webpack://cypress1/./cypress/e2e/fixtures.cy.js:6:15)",
                "diff": null
              },
              "uuid": "1a59f2f3-b28e-4062-9b2e-1a0fab8f877d",
              "parentUUID": "8f866565-c43f-40fd-9680-78972a956c4d",
              "isHook": false,
              "skipped": false
            }
          ],
          "suites": [],
          "passes": [],
          "failures": [
            "1a59f2f3-b28e-4062-9b2e-1a0fab8f877d"
          ],
          "pending": [],
          "skipped": [],
          "duration": 13948,
          "root": false,
          "rootEmpty": false,
          "_timeout": 2000
        }
      ],
      "passes": [],
      "failures": [],
      "pending": [],
      "skipped": [],
      "duration": 0,
      "root": true,
      "rootEmpty": true,
      "_timeout": 2000
    }
  ],
  "meta": {
    "mocha": {
      "version": "7.0.1"
    },
    "mochawesome": {
      "options": {
        "quiet": false,
        "reportFilename": "mochawesome",
        "saveHtml": false,
        "saveJson": true,
        "consoleReporter": "spec",
        "useInlineDiffs": false,
        "code": true
      },
      "version": "7.1.3"
    },
    "marge": {
      "options": {
        "overwrite": false,
        "html": false,
        "json": true,
        "reportDir": "cypress\\reports\\html\\.jsons"
      },
      "version": "6.2.0"
    }
  }
}