{
  "stats": {
    "suites": 1,
    "tests": 1,
    "passes": 1,
    "pending": 0,
    "failures": 0,
    "start": "2024-11-14T09:13:59.110Z",
    "end": "2024-11-14T09:14:10.243Z",
    "duration": 11133,
    "testsRegistered": 1,
    "passPercent": 100,
    "pendingPercent": 0,
    "other": 0,
    "hasOther": false,
    "skipped": 0,
    "hasSkipped": false
  },
  "results": [
    {
      "uuid": "e4904249-2ea6-48ed-9996-23531c7fd6f8",
      "title": "",
      "fullFile": "cypress\\e2e\\asser3.cy.js",
      "file": "cypress\\e2e\\asser3.cy.js",
      "beforeHooks": [],
      "afterHooks": [],
      "tests": [],
      "suites": [
        {
          "uuid": "99318110-98b6-4179-a29e-c282b0fd96ff",
          "title": "template spec",
          "fullFile": "",
          "file": "",
          "beforeHooks": [],
          "afterHooks": [],
          "tests": [
            {
              "title": "Link testing",
              "fullTitle": "template spec Link testing",
              "timedOut": null,
              "duration": 5296,
              "state": "passed",
              "speed": "medium",
              "pass": true,
              "fail": false,
              "pending": false,
              "context": null,
              "code": "cy.visit('https://filiphric.com/testing-links-with-cypress');\ncy.contains('blog').click();\ncy.go('back');",
              "err": {},
              "uuid": "dd9656f1-7298-4128-8ef9-41175ed6b07c",
              "parentUUID": "99318110-98b6-4179-a29e-c282b0fd96ff",
              "isHook": false,
              "skipped": false
            }
          ],
          "suites": [],
          "passes": [
            "dd9656f1-7298-4128-8ef9-41175ed6b07c"
          ],
          "failures": [],
          "pending": [],
          "skipped": [],
          "duration": 5296,
          "root": false,
          "rootEmpty": false,
          "_timeout": 2000
        }
      ],
      "passes": [],
      "failures": [],
      "pending": [],
      "skipped": [],
      "duration": 0,
      "root": true,
      "rootEmpty": true,
      "_timeout": 2000
    }
  ],
  "meta": {
    "mocha": {
      "version": "7.0.1"
    },
    "mochawesome": {
      "options": {
        "quiet": false,
        "reportFilename": "mochawesome",
        "saveHtml": false,
        "saveJson": true,
        "consoleReporter": "spec",
        "useInlineDiffs": false,
        "code": true
      },
      "version": "7.1.3"
    },
    "marge": {
      "options": {
        "overwrite": false,
        "html": false,
        "json": true,
        "reportDir": "cypress\\reports\\html\\.jsons"
      },
      "version": "6.2.0"
    }
  }
}