{
  "stats": {
    "suites": 1,
    "tests": 1,
    "passes": 0,
    "pending": 0,
    "failures": 1,
    "start": "2024-11-14T09:13:38.505Z",
    "end": "2024-11-14T09:13:55.735Z",
    "duration": 17230,
    "testsRegistered": 1,
    "passPercent": 0,
    "pendingPercent": 0,
    "other": 0,
    "hasOther": false,
    "skipped": 0,
    "hasSkipped": false
  },
  "results": [
    {
      "uuid": "c3c974ca-ffb7-4629-abb8-7a4dcc373ed7",
      "title": "",
      "fullFile": "cypress\\e2e\\asser2.cy.js",
      "file": "cypress\\e2e\\asser2.cy.js",
      "beforeHooks": [],
      "afterHooks": [],
      "tests": [],
      "suites": [
        {
          "uuid": "3000d930-b2cb-4084-b358-3301f0736498",
          "title": "Assertions",
          "fullFile": "",
          "file": "",
          "beforeHooks": [],
          "afterHooks": [],
          "tests": [
            {
              "title": "Checking Assertions",
              "fullTitle": "Assertions Checking Assertions",
              "timedOut": null,
              "duration": 13969,
              "state": "failed",
              "speed": null,
              "pass": false,
              "fail": true,
              "pending": false,
              "context": null,
              "code": "cy.visit(\"https://opensource-demo.orangehrmlive.com/web/index.php/auth/login\");\ncy.get('.orangehrm-login-form').within(() => {\n  cy.get(\"input[placeholder='Username']\").should('have.attr', 'placeholder', 'Username');\n  cy.get(\"input[placeholder='Password']\").should('have.attr', 'placeholder', 'Password');\n});",
              "err": {
                "message": "AssertionError: Timed out retrying after 10000ms: Expected to find element: `input[placeholder='Username']`, but never found it.",
                "estack": "AssertionError: Timed out retrying after 10000ms: Expected to find element: `input[placeholder='Username']`, but never found it.\n    at Context.eval (webpack://cypress1/./cypress/e2e/asser2.cy.js:5:48)",
                "diff": null
              },
              "uuid": "c6e2538d-6d3d-42f4-8494-65efdf54f4e8",
              "parentUUID": "3000d930-b2cb-4084-b358-3301f0736498",
              "isHook": false,
              "skipped": false
            }
          ],
          "suites": [],
          "passes": [],
          "failures": [
            "c6e2538d-6d3d-42f4-8494-65efdf54f4e8"
          ],
          "pending": [],
          "skipped": [],
          "duration": 13969,
          "root": false,
          "rootEmpty": false,
          "_timeout": 2000
        }
      ],
      "passes": [],
      "failures": [],
      "pending": [],
      "skipped": [],
      "duration": 0,
      "root": true,
      "rootEmpty": true,
      "_timeout": 2000
    }
  ],
  "meta": {
    "mocha": {
      "version": "7.0.1"
    },
    "mochawesome": {
      "options": {
        "quiet": false,
        "reportFilename": "mochawesome",
        "saveHtml": false,
        "saveJson": true,
        "consoleReporter": "spec",
        "useInlineDiffs": false,
        "code": true
      },
      "version": "7.1.3"
    },
    "marge": {
      "options": {
        "overwrite": false,
        "html": false,
        "json": true,
        "reportDir": "cypress\\reports\\html\\.jsons"
      },
      "version": "6.2.0"
    }
  }
}