{
  "stats": {
    "suites": 1,
    "tests": 5,
    "passes": 4,
    "pending": 0,
    "failures": 1,
    "start": "2024-11-14T09:14:13.416Z",
    "end": "2024-11-14T09:14:58.510Z",
    "duration": 45094,
    "testsRegistered": 5,
    "passPercent": 80,
    "pendingPercent": 0,
    "other": 0,
    "hasOther": false,
    "skipped": 0,
    "hasSkipped": false
  },
  "results": [
    {
      "uuid": "ecb83513-654d-4d7a-b428-d48119ad6ea3",
      "title": "",
      "fullFile": "cypress\\e2e\\asser4.cy.js",
      "file": "cypress\\e2e\\asser4.cy.js",
      "beforeHooks": [],
      "afterHooks": [],
      "tests": [],
      "suites": [
        {
          "uuid": "25618838-0403-4eab-8042-8207e6e39f41",
          "title": "template spec",
          "fullFile": "",
          "file": "",
          "beforeHooks": [],
          "afterHooks": [],
          "tests": [
            {
              "title": "Link Testing - Courses",
              "fullTitle": "template spec Link Testing - Courses",
              "timedOut": null,
              "duration": 4972,
              "state": "passed",
              "speed": "fast",
              "pass": true,
              "fail": false,
              "pending": false,
              "context": null,
              "code": "cy.contains('Courses').should('be.visible').click();\ncy.wait(1000);\ncy.url().should('eq', 'https://filiphric.com/courses');\ncy.go('back');\ncy.wait(500);",
              "err": {},
              "uuid": "1a0a6ef2-feab-46f6-8ac8-c8b89255852c",
              "parentUUID": "25618838-0403-4eab-8042-8207e6e39f41",
              "isHook": false,
              "skipped": false
            },
            {
              "title": "Link Testing - Blog",
              "fullTitle": "template spec Link Testing - Blog",
              "timedOut": null,
              "duration": 3787,
              "state": "passed",
              "speed": "fast",
              "pass": true,
              "fail": false,
              "pending": false,
              "context": null,
              "code": "cy.contains('Blog').should('be.visible').click();\ncy.wait(1000);\ncy.url().should('eq', 'https://filiphric.com/blog');\ncy.go('back');\ncy.wait(500);",
              "err": {},
              "uuid": "cc7565d8-afb7-41fe-8c4d-49376c44c331",
              "parentUUID": "25618838-0403-4eab-8042-8207e6e39f41",
              "isHook": false,
              "skipped": false
            },
            {
              "title": "Link Testing - Workshops",
              "fullTitle": "template spec Link Testing - Workshops",
              "timedOut": null,
              "duration": 2799,
              "state": "passed",
              "speed": "fast",
              "pass": true,
              "fail": false,
              "pending": false,
              "context": null,
              "code": "cy.contains('Workshops').should('be.visible').click();\ncy.wait(1000);\ncy.url().should('eq', 'https://filiphric.com/workshops');\ncy.go('back');\ncy.wait(500);",
              "err": {},
              "uuid": "5ecabd14-b6e3-4c4e-a1e7-9962470547e5",
              "parentUUID": "25618838-0403-4eab-8042-8207e6e39f41",
              "isHook": false,
              "skipped": false
            },
            {
              "title": "Link Testing - Community",
              "fullTitle": "template spec Link Testing - Community",
              "timedOut": null,
              "duration": 26023,
              "state": "failed",
              "speed": null,
              "pass": false,
              "fail": true,
              "pending": false,
              "context": null,
              "code": "cy.contains('Community').should('be.visible').click();\ncy.wait(1000);\ncy.url().should('eq', 'https://discord.com/invite/3MdvPfT');\ncy.go('back');\ncy.wait(500);",
              "err": {
                "message": "AssertionError: Timed out retrying after 10000ms: expected '' to equal 'https://discord.com/invite/3MdvPfT'",
                "estack": "AssertionError: Timed out retrying after 10000ms: expected '' to equal 'https://discord.com/invite/3MdvPfT'\n    at Context.eval (webpack://cypress1/./cypress/e2e/asser4.cy.js:33:17)",
                "diff": "+ 'https://discord.com/invite/3MdvPfT'\n"
              },
              "uuid": "f2b54320-59d4-4902-bf3a-716d5041f668",
              "parentUUID": "25618838-0403-4eab-8042-8207e6e39f41",
              "isHook": false,
              "skipped": false
            },
            {
              "title": "Link Testing - About",
              "fullTitle": "template spec Link Testing - About",
              "timedOut": null,
              "duration": 3782,
              "state": "passed",
              "speed": "fast",
              "pass": true,
              "fail": false,
              "pending": false,
              "context": null,
              "code": "cy.contains('About').should('be.visible').click();\ncy.wait(1000);\ncy.url().should('eq', 'https://filiphric.com/about');\ncy.go('back');\ncy.wait(500);",
              "err": {},
              "uuid": "a4c9e440-10f8-47e4-bd85-baf1819af077",
              "parentUUID": "25618838-0403-4eab-8042-8207e6e39f41",
              "isHook": false,
              "skipped": false
            }
          ],
          "suites": [],
          "passes": [
            "1a0a6ef2-feab-46f6-8ac8-c8b89255852c",
            "cc7565d8-afb7-41fe-8c4d-49376c44c331",
            "5ecabd14-b6e3-4c4e-a1e7-9962470547e5",
            "a4c9e440-10f8-47e4-bd85-baf1819af077"
          ],
          "failures": [
            "f2b54320-59d4-4902-bf3a-716d5041f668"
          ],
          "pending": [],
          "skipped": [],
          "duration": 41363,
          "root": false,
          "rootEmpty": false,
          "_timeout": 2000
        }
      ],
      "passes": [],
      "failures": [],
      "pending": [],
      "skipped": [],
      "duration": 0,
      "root": true,
      "rootEmpty": true,
      "_timeout": 2000
    }
  ],
  "meta": {
    "mocha": {
      "version": "7.0.1"
    },
    "mochawesome": {
      "options": {
        "quiet": false,
        "reportFilename": "mochawesome",
        "saveHtml": false,
        "saveJson": true,
        "consoleReporter": "spec",
        "useInlineDiffs": false,
        "code": true
      },
      "version": "7.1.3"
    },
    "marge": {
      "options": {
        "overwrite": false,
        "html": false,
        "json": true,
        "reportDir": "cypress\\reports\\html\\.jsons"
      },
      "version": "6.2.0"
    }
  }
}