{
  "stats": {
    "suites": 1,
    "tests": 1,
    "passes": 1,
    "pending": 0,
    "failures": 0,
    "start": "2024-11-14T09:16:22.720Z",
    "end": "2024-11-14T09:16:43.602Z",
    "duration": 20882,
    "testsRegistered": 1,
    "passPercent": 100,
    "pendingPercent": 0,
    "other": 0,
    "hasOther": false,
    "skipped": 0,
    "hasSkipped": false
  },
  "results": [
    {
      "uuid": "196e0af8-b762-4d4d-8102-75e5768e63c7",
      "title": "",
      "fullFile": "cypress\\e2e\\exam1.cy.js",
      "file": "cypress\\e2e\\exam1.cy.js",
      "beforeHooks": [],
      "afterHooks": [],
      "tests": [],
      "suites": [
        {
          "uuid": "9a476fbd-2104-41c6-8ab1-5b819811b9bd",
          "title": "template spec",
          "fullFile": "",
          "file": "",
          "beforeHooks": [],
          "afterHooks": [],
          "tests": [
            {
              "title": "Mid term Exam Q",
              "fullTitle": "template spec Mid term Exam Q",
              "timedOut": null,
              "duration": 11956,
              "state": "passed",
              "speed": "slow",
              "pass": true,
              "fail": false,
              "pending": false,
              "context": null,
              "code": "cy.visit('https://www.telerik.com/support/demos');\nconst ln = new _exam.FirstC();\nln.clickService();\nconst pr = new _exam.SecondC();\npr.clickDesktop();\nconst ch = new _exam.ThirdC();\nch.clickMobile();\nconst tr = new _exam.FourthC();\ntr.clickRep();\nconst tt = new _exam.FifthC();\ntt.clickTest();",
              "err": {},
              "uuid": "dd344c05-654c-42ba-ae4e-6c863f03ad82",
              "parentUUID": "9a476fbd-2104-41c6-8ab1-5b819811b9bd",
              "isHook": false,
              "skipped": false
            }
          ],
          "suites": [],
          "passes": [
            "dd344c05-654c-42ba-ae4e-6c863f03ad82"
          ],
          "failures": [],
          "pending": [],
          "skipped": [],
          "duration": 11956,
          "root": false,
          "rootEmpty": false,
          "_timeout": 2000
        }
      ],
      "passes": [],
      "failures": [],
      "pending": [],
      "skipped": [],
      "duration": 0,
      "root": true,
      "rootEmpty": true,
      "_timeout": 2000
    }
  ],
  "meta": {
    "mocha": {
      "version": "7.0.1"
    },
    "mochawesome": {
      "options": {
        "quiet": false,
        "reportFilename": "mochawesome",
        "saveHtml": false,
        "saveJson": true,
        "consoleReporter": "spec",
        "useInlineDiffs": false,
        "code": true
      },
      "version": "7.1.3"
    },
    "marge": {
      "options": {
        "overwrite": false,
        "html": false,
        "json": true,
        "reportDir": "cypress\\reports\\html\\.jsons"
      },
      "version": "6.2.0"
    }
  }
}