{
  "stats": {
    "suites": 1,
    "tests": 1,
    "passes": 1,
    "pending": 0,
    "failures": 0,
    "start": "2024-11-14T09:15:02.255Z",
    "end": "2024-11-14T09:15:14.086Z",
    "duration": 11831,
    "testsRegistered": 1,
    "passPercent": 100,
    "pendingPercent": 0,
    "other": 0,
    "hasOther": false,
    "skipped": 0,
    "hasSkipped": false
  },
  "results": [
    {
      "uuid": "248bb141-1f13-4e2b-ab49-f856c4921b1f",
      "title": "",
      "fullFile": "cypress\\e2e\\asser5.cy.js",
      "file": "cypress\\e2e\\asser5.cy.js",
      "beforeHooks": [],
      "afterHooks": [],
      "tests": [],
      "suites": [
        {
          "uuid": "8b92af0f-a380-4e42-b2e2-b50d4a211726",
          "title": "dropdown",
          "fullFile": "",
          "file": "",
          "beforeHooks": [],
          "afterHooks": [],
          "tests": [
            {
              "title": "dropdown",
              "fullTitle": "dropdown dropdown",
              "timedOut": null,
              "duration": 6013,
              "state": "passed",
              "speed": "medium",
              "pass": true,
              "fail": false,
              "pending": false,
              "context": null,
              "code": "cy.visit(\"https://register.rediff.com/register/register.php\");\ncy.get('select[id=\"country\"]').select('49').should('have.value', '49');",
              "err": {},
              "uuid": "936d2fac-0e27-42e4-ae5f-5fbc646f6a38",
              "parentUUID": "8b92af0f-a380-4e42-b2e2-b50d4a211726",
              "isHook": false,
              "skipped": false
            }
          ],
          "suites": [],
          "passes": [
            "936d2fac-0e27-42e4-ae5f-5fbc646f6a38"
          ],
          "failures": [],
          "pending": [],
          "skipped": [],
          "duration": 6013,
          "root": false,
          "rootEmpty": false,
          "_timeout": 2000
        }
      ],
      "passes": [],
      "failures": [],
      "pending": [],
      "skipped": [],
      "duration": 0,
      "root": true,
      "rootEmpty": true,
      "_timeout": 2000
    }
  ],
  "meta": {
    "mocha": {
      "version": "7.0.1"
    },
    "mochawesome": {
      "options": {
        "quiet": false,
        "reportFilename": "mochawesome",
        "saveHtml": false,
        "saveJson": true,
        "consoleReporter": "spec",
        "useInlineDiffs": false,
        "code": true
      },
      "version": "7.1.3"
    },
    "marge": {
      "options": {
        "overwrite": false,
        "html": false,
        "json": true,
        "reportDir": "cypress\\reports\\html\\.jsons"
      },
      "version": "6.2.0"
    }
  }
}