{
  "stats": {
    "suites": 1,
    "tests": 1,
    "passes": 0,
    "pending": 0,
    "failures": 1,
    "start": "2024-11-14T09:17:36.481Z",
    "end": "2024-11-14T09:17:44.821Z",
    "duration": 8340,
    "testsRegistered": 1,
    "passPercent": 0,
    "pendingPercent": 0,
    "other": 0,
    "hasOther": false,
    "skipped": 0,
    "hasSkipped": false
  },
  "results": [
    {
      "uuid": "4f180326-e906-4fbe-b2c0-b544e4106520",
      "title": "",
      "fullFile": "cypress\\e2e\\opencart.cy.js",
      "file": "cypress\\e2e\\opencart.cy.js",
      "beforeHooks": [],
      "afterHooks": [],
      "tests": [],
      "suites": [
        {
          "uuid": "da189e14-aeb6-457c-ab92-d9937ce21b7b",
          "title": "Xpath",
          "fullFile": "",
          "file": "",
          "beforeHooks": [],
          "afterHooks": [],
          "tests": [
            {
              "title": "Testing Xpath",
              "fullTitle": "Xpath Testing Xpath",
              "timedOut": null,
              "duration": 1770,
              "state": "failed",
              "speed": null,
              "pass": false,
              "fail": true,
              "pending": false,
              "context": null,
              "code": "cy.visit(\"https://demo.opencart.com/\");\ncy.get(':nth-child(1) > .dropdown-menu > .dropdown-inner > .list-unstyled > :nth-child(2) > .nav-link').should('not.be.visible');\ncy.get('.nav > :nth-child(1) > .dropdown-toggle').trigger('mouseover').click();\ncy.get(':nth-child(1) > .dropdown-menu > .dropdown-inner > .list-unstyled > :nth-child(2) > .nav-link').should('be.visible');\ncy.get(':nth-child(1) > .dropdown-menu > .dropdown-inner > .list-unstyled > :nth-child(2) > .nav-link').click();",
              "err": {
                "message": "ReferenceError: bootstrap is not defined",
                "estack": "ReferenceError: bootstrap is not defined\n    at HTMLDocument.<anonymous> (https://demo.opencart.com/:353:5)\n    at e (https://demo.opencart.com/catalog/view/javascript/jquery/jquery-3.7.1.min.js:2:27028)\n    at t (https://demo.opencart.com/catalog/view/javascript/jquery/jquery-3.7.1.min.js:2:27330)\n    at o (https://demo.opencart.com/:3:451)\n    at https://demo.opencart.com/:3:824",
                "diff": null
              },
              "uuid": "463f169c-3891-489f-868c-87dd4c5be860",
              "parentUUID": "da189e14-aeb6-457c-ab92-d9937ce21b7b",
              "isHook": false,
              "skipped": false
            }
          ],
          "suites": [],
          "passes": [],
          "failures": [
            "463f169c-3891-489f-868c-87dd4c5be860"
          ],
          "pending": [],
          "skipped": [],
          "duration": 1770,
          "root": false,
          "rootEmpty": false,
          "_timeout": 2000
        }
      ],
      "passes": [],
      "failures": [],
      "pending": [],
      "skipped": [],
      "duration": 0,
      "root": true,
      "rootEmpty": true,
      "_timeout": 2000
    }
  ],
  "meta": {
    "mocha": {
      "version": "7.0.1"
    },
    "mochawesome": {
      "options": {
        "quiet": false,
        "reportFilename": "mochawesome",
        "saveHtml": false,
        "saveJson": true,
        "consoleReporter": "spec",
        "useInlineDiffs": false,
        "code": true
      },
      "version": "7.1.3"
    },
    "marge": {
      "options": {
        "overwrite": false,
        "html": false,
        "json": true,
        "reportDir": "cypress\\reports\\html\\.jsons"
      },
      "version": "6.2.0"
    }
  }
}