{
  "stats": {
    "suites": 1,
    "tests": 4,
    "passes": 4,
    "pending": 0,
    "failures": 0,
    "start": "2024-11-14T09:15:17.249Z",
    "end": "2024-11-14T09:15:42.262Z",
    "duration": 25013,
    "testsRegistered": 4,
    "passPercent": 100,
    "pendingPercent": 0,
    "other": 0,
    "hasOther": false,
    "skipped": 0,
    "hasSkipped": false
  },
  "results": [
    {
      "uuid": "ddb49255-661e-4f40-93f3-eb83f8ef10ef",
      "title": "",
      "fullFile": "cypress\\e2e\\assert6.cy.js",
      "file": "cypress\\e2e\\assert6.cy.js",
      "beforeHooks": [],
      "afterHooks": [],
      "tests": [],
      "suites": [
        {
          "uuid": "afec7517-9a88-4552-aee6-43ff8b35bf60",
          "title": "Checkbox Tests on DemoQA",
          "fullFile": "",
          "file": "",
          "beforeHooks": [],
          "afterHooks": [],
          "tests": [
            {
              "title": "Clicks on Home checkbox",
              "fullTitle": "Checkbox Tests on DemoQA Clicks on Home checkbox",
              "timedOut": null,
              "duration": 12512,
              "state": "passed",
              "speed": "slow",
              "pass": true,
              "fail": false,
              "pending": false,
              "context": null,
              "code": "cy.get('.rct-checkbox').first().click();",
              "err": {},
              "uuid": "4d998e1c-39cf-4dc0-b5e0-f15d498ee7bc",
              "parentUUID": "afec7517-9a88-4552-aee6-43ff8b35bf60",
              "isHook": false,
              "skipped": false
            },
            {
              "title": "Clicks on Desktop checkbox",
              "fullTitle": "Checkbox Tests on DemoQA Clicks on Desktop checkbox",
              "timedOut": null,
              "duration": 1489,
              "state": "passed",
              "speed": "fast",
              "pass": true,
              "fail": false,
              "pending": false,
              "context": null,
              "code": "cy.get('.rct-node-parent').first().find('.rct-collapse').click();\ncy.contains('Desktop').parent().find('.rct-checkbox').click();",
              "err": {},
              "uuid": "9db4a3ee-04a4-44d4-b77c-9d5e2b7e9f7b",
              "parentUUID": "afec7517-9a88-4552-aee6-43ff8b35bf60",
              "isHook": false,
              "skipped": false
            },
            {
              "title": "Clicks on Documents checkbox",
              "fullTitle": "Checkbox Tests on DemoQA Clicks on Documents checkbox",
              "timedOut": null,
              "duration": 1263,
              "state": "passed",
              "speed": "fast",
              "pass": true,
              "fail": false,
              "pending": false,
              "context": null,
              "code": "cy.get('.rct-node-parent').first().find('.rct-collapse').click();\ncy.contains('Documents').parent().find('.rct-checkbox').click();",
              "err": {},
              "uuid": "2b1ed5a1-bfcf-430a-a74b-3007d831e416",
              "parentUUID": "afec7517-9a88-4552-aee6-43ff8b35bf60",
              "isHook": false,
              "skipped": false
            },
            {
              "title": "Clicks on Downloads checkbox",
              "fullTitle": "Checkbox Tests on DemoQA Clicks on Downloads checkbox",
              "timedOut": null,
              "duration": 2199,
              "state": "passed",
              "speed": "fast",
              "pass": true,
              "fail": false,
              "pending": false,
              "context": null,
              "code": "cy.get('.rct-node-parent').first().find('.rct-collapse').click();\ncy.contains('Downloads').parent().find('.rct-checkbox').click();",
              "err": {},
              "uuid": "45a2f354-d4ef-4b5b-b862-8608170ed830",
              "parentUUID": "afec7517-9a88-4552-aee6-43ff8b35bf60",
              "isHook": false,
              "skipped": false
            }
          ],
          "suites": [],
          "passes": [
            "4d998e1c-39cf-4dc0-b5e0-f15d498ee7bc",
            "9db4a3ee-04a4-44d4-b77c-9d5e2b7e9f7b",
            "2b1ed5a1-bfcf-430a-a74b-3007d831e416",
            "45a2f354-d4ef-4b5b-b862-8608170ed830"
          ],
          "failures": [],
          "pending": [],
          "skipped": [],
          "duration": 17463,
          "root": false,
          "rootEmpty": false,
          "_timeout": 2000
        }
      ],
      "passes": [],
      "failures": [],
      "pending": [],
      "skipped": [],
      "duration": 0,
      "root": true,
      "rootEmpty": true,
      "_timeout": 2000
    }
  ],
  "meta": {
    "mocha": {
      "version": "7.0.1"
    },
    "mochawesome": {
      "options": {
        "quiet": false,
        "reportFilename": "mochawesome",
        "saveHtml": false,
        "saveJson": true,
        "consoleReporter": "spec",
        "useInlineDiffs": false,
        "code": true
      },
      "version": "7.1.3"
    },
    "marge": {
      "options": {
        "overwrite": false,
        "html": false,
        "json": true,
        "reportDir": "cypress\\reports\\html\\.jsons"
      },
      "version": "6.2.0"
    }
  }
}