{
  "stats": {
    "suites": 1,
    "tests": 1,
    "passes": 1,
    "pending": 0,
    "failures": 0,
    "start": "2024-11-14T09:17:06.704Z",
    "end": "2024-11-14T09:17:19.763Z",
    "duration": 13059,
    "testsRegistered": 1,
    "passPercent": 100,
    "pendingPercent": 0,
    "other": 0,
    "hasOther": false,
    "skipped": 0,
    "hasSkipped": false
  },
  "results": [
    {
      "uuid": "48bdab60-c1ce-4c77-bae2-2399953dcfd9",
      "title": "",
      "fullFile": "cypress\\e2e\\image.cy.js",
      "file": "cypress\\e2e\\image.cy.js",
      "beforeHooks": [],
      "afterHooks": [],
      "tests": [],
      "suites": [
        {
          "uuid": "0b2a6ff7-a5c2-44ac-8541-e23333ba2942",
          "title": "Example to demonstrate file upload in cypress",
          "fullFile": "",
          "file": "",
          "beforeHooks": [],
          "afterHooks": [],
          "tests": [
            {
              "title": "File upload using cypress-file-upload npm package",
              "fullTitle": "Example to demonstrate file upload in cypress File upload using cypress-file-upload npm package",
              "timedOut": null,
              "duration": 5899,
              "state": "passed",
              "speed": "medium",
              "pass": true,
              "fail": false,
              "pending": false,
              "context": null,
              "code": "cy.get('input[type=\"file\"]').attachFile('images.jpg');\ncy.get('#file-submit').click();\ncy.get('#uploaded-files').contains('images.jpg');",
              "err": {},
              "uuid": "fc741094-25e4-4659-a2fc-4bb0e6346ac1",
              "parentUUID": "0b2a6ff7-a5c2-44ac-8541-e23333ba2942",
              "isHook": false,
              "skipped": false
            }
          ],
          "suites": [],
          "passes": [
            "fc741094-25e4-4659-a2fc-4bb0e6346ac1"
          ],
          "failures": [],
          "pending": [],
          "skipped": [],
          "duration": 5899,
          "root": false,
          "rootEmpty": false,
          "_timeout": 2000
        }
      ],
      "passes": [],
      "failures": [],
      "pending": [],
      "skipped": [],
      "duration": 0,
      "root": true,
      "rootEmpty": true,
      "_timeout": 2000
    }
  ],
  "meta": {
    "mocha": {
      "version": "7.0.1"
    },
    "mochawesome": {
      "options": {
        "quiet": false,
        "reportFilename": "mochawesome",
        "saveHtml": false,
        "saveJson": true,
        "consoleReporter": "spec",
        "useInlineDiffs": false,
        "code": true
      },
      "version": "7.1.3"
    },
    "marge": {
      "options": {
        "overwrite": false,
        "html": false,
        "json": true,
        "reportDir": "cypress\\reports\\html\\.jsons"
      },
      "version": "6.2.0"
    }
  }
}