{
  "stats": {
    "suites": 1,
    "tests": 1,
    "passes": 0,
    "pending": 0,
    "failures": 1,
    "start": "2024-11-14T09:17:47.904Z",
    "end": "2024-11-14T09:18:05.175Z",
    "duration": 17271,
    "testsRegistered": 1,
    "passPercent": 0,
    "pendingPercent": 0,
    "other": 0,
    "hasOther": false,
    "skipped": 0,
    "hasSkipped": false
  },
  "results": [
    {
      "uuid": "fcee8249-ec3c-4053-8077-ddfe20adb13d",
      "title": "",
      "fullFile": "cypress\\e2e\\orange.cy.js",
      "file": "cypress\\e2e\\orange.cy.js",
      "beforeHooks": [],
      "afterHooks": [],
      "tests": [],
      "suites": [
        {
          "uuid": "22a252f4-610c-40c8-bd26-9c880d2f21ad",
          "title": "template spec",
          "fullFile": "",
          "file": "",
          "beforeHooks": [],
          "afterHooks": [],
          "tests": [
            {
              "title": "X-Path Test",
              "fullTitle": "template spec X-Path Test",
              "timedOut": null,
              "duration": 14146,
              "state": "failed",
              "speed": null,
              "pass": false,
              "fail": true,
              "pending": false,
              "context": null,
              "code": "cy.visit('https://opensource-demo.orangehrmlive.com/web/index.php/auth/login');\ncy.xpath(\"//input[@placeholder='Username']\").type('Admin');\ncy.xpath(\"//input[@placeholder='Password']\").type('admin123');\ncy.xpath(\"//button[normalize-space()='Login']\").click();",
              "err": {
                "message": "AssertionError: Timed out retrying after 10000ms: Expected to find element: `//input[@placeholder='Username']`, but never found it.",
                "estack": "AssertionError: Timed out retrying after 10000ms: Expected to find element: `//input[@placeholder='Username']`, but never found it.\n    at Context.eval (webpack://cypress1/./cypress/e2e/orange.cy.js:6:11)",
                "diff": null
              },
              "uuid": "ba80814d-01f6-4ea7-bbae-9a698b33917b",
              "parentUUID": "22a252f4-610c-40c8-bd26-9c880d2f21ad",
              "isHook": false,
              "skipped": false
            }
          ],
          "suites": [],
          "passes": [],
          "failures": [
            "ba80814d-01f6-4ea7-bbae-9a698b33917b"
          ],
          "pending": [],
          "skipped": [],
          "duration": 14146,
          "root": false,
          "rootEmpty": false,
          "_timeout": 2000
        }
      ],
      "passes": [],
      "failures": [],
      "pending": [],
      "skipped": [],
      "duration": 0,
      "root": true,
      "rootEmpty": true,
      "_timeout": 2000
    }
  ],
  "meta": {
    "mocha": {
      "version": "7.0.1"
    },
    "mochawesome": {
      "options": {
        "quiet": false,
        "reportFilename": "mochawesome",
        "saveHtml": false,
        "saveJson": true,
        "consoleReporter": "spec",
        "useInlineDiffs": false,
        "code": true
      },
      "version": "7.1.3"
    },
    "marge": {
      "options": {
        "overwrite": false,
        "html": false,
        "json": true,
        "reportDir": "cypress\\reports\\html\\.jsons"
      },
      "version": "6.2.0"
    }
  }
}